app/build/outputs/mapping/release/seeds.txt
com.naveen.browser.R$array
com.naveen.browser.MainActivity$9
com.naveen.browser.adapter.HistoryAdapter$ViewHolder
com.naveen.browser.OnboardingActivity$1
com.naveen.browser.SplashActivity
com.naveen.browser.adapter.BookmarksAdapter$ViewHolder
com.naveen.browser.R$color
com.naveen.browser.BookmarksActivity$1
com.naveen.browser.OnboardingActivity
com.naveen.browser.MainActivity$7
com.naveen.browser.R$layout
com.naveen.browser.MainActivity$2
com.naveen.browser.utils.AdBlocker
com.naveen.browser.DownloadsActivity
com.naveen.browser.MainActivity
com.naveen.browser.model.WebTab
com.naveen.browser.adapter.DownloadsAdapter
com.naveen.browser.adapter.TabsAdapter$ViewHolder
com.naveen.browser.adapter.DownloadsAdapter$OnDownloadItemClickListener
com.naveen.browser.model.DownloadItem
com.naveen.browser.MainActivity$6
com.naveen.browser.R$drawable
com.naveen.browser.adapter.DownloadsAdapter$ViewHolder
com.naveen.browser.R$style
com.naveen.browser.R$menu
com.naveen.browser.adapter.BookmarksAdapter$OnBookmarkClickListener
com.naveen.browser.adapter.TabsAdapter$OnTabClickListener
com.naveen.browser.R
com.naveen.browser.R$id
com.naveen.browser.DownloadsActivity$2
com.naveen.browser.utils.WebUtils
com.naveen.browser.adapter.HistoryAdapter$OnHistoryClickListener
com.naveen.browser.MainActivity$1
com.naveen.browser.MainActivity$8
com.naveen.browser.BookmarksActivity
com.naveen.browser.adapter.TabsAdapter
com.naveen.browser.model.BookmarkItem
com.naveen.browser.R$string
com.naveen.browser.R$anim
com.naveen.browser.utils.PreferenceManager
com.naveen.browser.R$xml
com.naveen.browser.adapter.HistoryAdapter
com.naveen.browser.OnboardingActivity$OnboardingPagerAdapter
com.naveen.browser.model.HistoryItem
com.naveen.browser.DownloadsActivity$1
com.naveen.browser.SettingsActivity
com.naveen.browser.db.DatabaseHelper
com.naveen.browser.MainActivity$3
com.naveen.browser.HistoryActivity
com.naveen.browser.MainActivity$10
com.naveen.browser.adapter.BookmarksAdapter
com.naveen.browser.HistoryActivity$1
com.naveen.browser.MainActivity$4
com.naveen.browser.MainActivity$5
com.naveen.browser.MainActivity: android.webkit.ValueCallback filePathCallback
com.naveen.browser.R$id: int btn_qr_cancel
com.naveen.browser.MainActivity: int REQUEST_BOOKMARKS
com.naveen.browser.MainActivity: android.widget.ImageView btnClearUrl
com.naveen.browser.MainActivity: android.widget.ImageView btnSslLock
com.naveen.browser.R$id: int menu_share
com.naveen.browser.utils.PreferenceManager: java.lang.String KEY_AUTOFILL
com.naveen.browser.R$id: int spinner_search_engine
com.naveen.browser.R$string: int history
com.naveen.browser.R$id: int custom_view_container
com.naveen.browser.MainActivity: android.widget.FrameLayout webViewContainer
com.naveen.browser.R$drawable: int ic_home
com.naveen.browser.adapter.BookmarksAdapter$ViewHolder: android.widget.ImageButton btnDelete
com.naveen.browser.OnboardingActivity$OnboardingPagerAdapter: com.naveen.browser.OnboardingActivity this$0
com.naveen.browser.R$string: int refresh
com.naveen.browser.R$id: int txt_download_name
com.naveen.browser.R$id: int img_security_status
com.naveen.browser.R$id: int menu_ad_blocker
com.naveen.browser.R$id: int btn_dialog_close_tabs
com.naveen.browser.SettingsActivity: android.widget.Spinner spinnerTheme
com.naveen.browser.R$string: int search
com.naveen.browser.R$string: int permission_denied
com.naveen.browser.model.DownloadItem: long downloadedSize
com.naveen.browser.R$id: int main_layout
com.naveen.browser.R$id: int menu_add_bookmark
com.naveen.browser.MainActivity: android.widget.ProgressBar progressBar
com.naveen.browser.R$layout: int activity_settings
com.naveen.browser.utils.PreferenceManager: java.lang.String PREF_NAME
com.naveen.browser.R$id: int progress_bar
com.naveen.browser.R$drawable: int ic_browser_logo
com.naveen.browser.DownloadsActivity: com.naveen.browser.adapter.DownloadsAdapter adapter
com.naveen.browser.db.DatabaseHelper: java.lang.String DATABASE_NAME
...
androidx.appcompat.widget.AppCompatEditText: android.content.res.ColorStateList getSupportCompoundDrawablesTintList()
com.google.android.material.chip.Chip: void setCheckedIconVisible(boolean)
androidx.appcompat.app.AppCompatActivity: void setContentView(int)
androidx.constraintlayout.helper.widget.Flow: void setFirstHorizontalBias(float)
androidx.webkit.WebViewClientCompat: WebViewClientCompat()
androidx.appcompat.widget.Toolbar: void setTitleTextColor(android.content.res.ColorStateList)
com.google.android.material.switchmaterial.SwitchMaterial: SwitchMaterial(android.content.Context,android.util.AttributeSet)
androidx.webkit.internal.ProfileImpl: java.lang.String getName()
androidx.webkit.internal.WebMessageCallbackAdapter: WebMessageCallbackAdapter(androidx.webkit.WebMessagePortCompat$WebMessageCallbackCompat)
com.google.android.material.textfield.TextInputLayout: void setLengthCounter(com.google.android.material.textfield.TextInputLayout$LengthCounter)
androidx.appcompat.widget.DropDownListView: void setListSelectionHidden(boolean)
com.google.android.material.chip.Chip: void setChipDrawable(com.google.android.material.chip.ChipDrawable)
androidx.recyclerview.widget.RecyclerView$Adapter: void notifyDataSetChanged()
androidx.core.view.WindowInsetsCompat$Impl28: int hashCode()
androidx.core.view.ViewCompat$Api17Impl: int getLayoutDirection(android.view.View)
androidx.core.text.ICUCompat$Api24Impl: android.icu.util.ULocale addLikelySubtags(java.lang.Object)
androidx.appcompat.widget.AppCompatTextView: android.view.textclassifier.TextClassifier getTextClassifier()
com.google.android.material.textfield.TextInputLayout: void setDefaultHintTextColor(android.content.res.ColorStateList)
androidx.webkit.ProxyConfig$Builder: ProxyConfig$Builder(androidx.webkit.ProxyConfig)
androidx.appcompat.widget.Toolbar: void setCollapseIcon(int)
androidx.appcompat.widget.AppCompatTextViewAutoSizeHelper$Impl: AppCompatTextViewAutoSizeHelper$Impl()
androidx.appcompat.widget.SwitchCompat: void setThumbPosition(float)
androidx.constraintlayout.helper.widget.Flow: void setWrapMode(int)
androidx.core.view.ViewCompat$Api21Impl: void setBackgroundTintList(android.view.View,android.content.res.ColorStateList)
androidx.webkit.internal.WebViewProviderAdapter: android.webkit.WebChromeClient getWebChromeClient()
androidx.webkit.WebViewRenderProcessClient: void onRenderProcessResponsive(android.webkit.WebView,androidx.webkit.WebViewRenderProcess)
androidx.appcompat.app.AppCompatDelegateImpl$Api24Impl: androidx.core.os.LocaleListCompat getLocales(android.content.res.Configuration)
androidx.constraintlayout.helper.widget.Flow: void setVerticalBias(float)
androidx.webkit.TracingConfig$Builder: androidx.webkit.TracingConfig$Builder setTracingMode(int)
androidx.constraintlayout.helper.widget.Flow: void setVerticalGap(int)
androidx.core.view.ViewCompat$Api18Impl: android.graphics.Rect getClipBounds(android.view.View)
androidx.constraintlayout.widget.ConstraintLayout: int getMinWidth()
androidx.appcompat.view.menu.ListMenuItemView: void setForceShowIcon(boolean)
com.google.android.material.button.MaterialButton: void setShapeAppearanceModel(com.google.android.material.shape.ShapeAppearanceModel)
androidx.appcompat.widget.AppCompatCheckBox: android.graphics.PorterDuff$Mode getSupportCompoundDrawablesTintMode()
org.chromium.support_lib_boundary.WebSettingsBoundaryInterface: void setForceDarkBehavior(int)
com.google.android.material.textfield.TextInputLayout: android.content.res.ColorStateList getSuffixTextColor()
androidx.webkit.internal.VisualStateCallbackAdapter: VisualStateCallbackAdapter(androidx.webkit.WebViewCompat$VisualStateCallback)
androidx.webkit.WebSettingsCompat: void setSafeBrowsingEnabled(android.webkit.WebSettings,boolean)
androidx.webkit.ProfileStore$-CC: androidx.webkit.ProfileStore getInstance()
com.google.android.material.timepicker.ClockFaceView: ClockFaceView(android.content.Context,android.util.AttributeSet)