app/build/outputs/mapping/release/mapping.txt
# compiler: R8
# compiler_version: 8.2.47
# min_api: 23
# common_typos_disable
# {"id":"com.android.tools.r8.mapping","version":"2.2"}
# pg_map_id: 23eec4b
# pg_map_hash: SHA-256 23eec4b2901f083f2294d1ebd3205221ed90967014713ebfb80e5767e47a2be6
com.naveen.browser.BookmarksActivity -> com.naveen.browser.BookmarksActivity:
# {"id":"sourceFile","fileName":"BookmarksActivity.java"}
    1:1:void $r8$lambda$0TzvYTuWo5Y55zGXsihrCKPl53o(com.naveen.browser.BookmarksActivity,android.view.View):0:0 -> e
      # {"id":"com.android.tools.r8.synthesized"}
    1:1:void $r8$lambda$uCAuN2qvcOXc9QowXIgfUPR6Gs4(com.naveen.browser.BookmarksActivity,android.view.View):0:0 -> f
      # {"id":"com.android.tools.r8.synthesized"}
    86:88:void androidx.recyclerview.widget.LinearLayoutManager.<init>(android.content.Context):0:0 -> onCreate
    86:88:void onCreate(android.os.Bundle):0 -> onCreate
    89:114:void onCreate(android.os.Bundle):0:0 -> onCreate
com.naveen.browser.BookmarksActivity$$ExternalSyntheticLambda0 -> com.naveen.browser.a:
# {"id":"sourceFile","fileName":"R8$$SyntheticClass"}
# {"id":"com.android.tools.r8.synthesized"}
    int com.naveen.browser.BookmarksActivity$$InternalSyntheticLambda$1$d3cf1ca100b0fbe99d1204a7cbd3eaf52c6017c64baf188488c086a10808327f$0.$r8$classId -> a
      # {"id":"com.android.tools.r8.synthesized"}
    com.naveen.browser.BookmarksActivity com.naveen.browser.BookmarksActivity$$InternalSyntheticLambda$1$d3cf1ca100b0fbe99d1204a7cbd3eaf52c6017c64baf188488c086a10808327f$0.f$0 -> b
      # {"id":"com.android.tools.r8.synthesized"}
    1:8:void com.naveen.browser.BookmarksActivity$$InternalSyntheticLambda$1$d3cf1ca100b0fbe99d1204a7cbd3eaf52c6017c64baf188488c086a10808327f$0.<init>(com.naveen.browser.BookmarksActivity):0:0 -> <init>
    1:8:void com.naveen.browser.BookmarksActivity$$InternalSyntheticLambda$1$d3cf1ca100b0fbe99d1204a7cbd3eaf52c6017c64baf188488c086a10808327f$0.$r8$init$synthetic(com.naveen.browser.BookmarksActivity,int):0 -> <init>
      # {"id":"com.android.tools.r8.synthesized"}
    1:1:void com.naveen.browser.BookmarksActivity$$InternalSyntheticLambda$1$d3cf1ca100b0fbe99d1204a7cbd3eaf52c6017c64baf188488c086a10808327f$0.onClick$bridge(android.view.View):0:0 -> onClick
      # {"id":"com.android.tools.r8.synthesized"}
com.naveen.browser.BookmarksActivity$1 -> com.naveen.browser.BookmarksActivity$1:
# {"id":"sourceFile","fileName":"BookmarksActivity.java"}
com.naveen.browser.DownloadsActivity -> com.naveen.browser.DownloadsActivity:
# {"id":"sourceFile","fileName":"DownloadsActivity.java"}
    1:1:void $r8$lambda$DSplVQB9wx1omkvB9OnfMkveDfU(com.naveen.browser.DownloadsActivity,android.view.View):0:0 -> e
      # {"id":"com.android.tools.r8.synthesized"}
    65:67:void androidx.recyclerview.widget.LinearLayoutManager.<init>(android.content.Context):0:0 -> onCreate
    65:67:void onCreate(android.os.Bundle):0 -> onCreate
    68:91:void onCreate(android.os.Bundle):0:0 -> onCreate
...
androidx.fragment.R$styleable -> u0.a:
    int[] Fragment -> a
    int[] FragmentContainerView -> b
    1:1:void <clinit>():0:0 -> <clinit>
androidx.fragment.app.BackStackRecord -> androidx.fragment.app.a:
# {"id":"sourceFile","fileName":"BackStackRecord.java"}
    java.util.ArrayList androidx.fragment.app.FragmentTransaction.mOps -> a
    int androidx.fragment.app.FragmentTransaction.mEnterAnim -> b
    int androidx.fragment.app.FragmentTransaction.mExitAnim -> c
    int androidx.fragment.app.FragmentTransaction.mPopEnterAnim -> d
    int androidx.fragment.app.FragmentTransaction.mPopExitAnim -> e
    int androidx.fragment.app.FragmentTransaction.mTransition -> f
    boolean androidx.fragment.app.FragmentTransaction.mAddToBackStack -> g
    java.lang.String androidx.fragment.app.FragmentTransaction.mName -> h
    int androidx.fragment.app.FragmentTransaction.mBreadCrumbTitleRes -> i
    java.lang.CharSequence androidx.fragment.app.FragmentTransaction.mBreadCrumbTitleText -> j
    int androidx.fragment.app.FragmentTransaction.mBreadCrumbShortTitleRes -> k
    java.lang.CharSequence androidx.fragment.app.FragmentTransaction.mBreadCrumbShortTitleText -> l
    java.util.ArrayList androidx.fragment.app.FragmentTransaction.mSharedElementSourceNames -> m
    java.util.ArrayList androidx.fragment.app.FragmentTransaction.mSharedElementTargetNames -> n
    boolean androidx.fragment.app.FragmentTransaction.mReorderingAllowed -> o
    androidx.fragment.app.FragmentManager mManager -> p
      # {"id":"com.android.tools.r8.residualsignature","signature":"Landroidx/fragment/app/k0;"}
    boolean mCommitted -> q
androidx.fragment.app.BackStackState -> androidx.fragment.app.b:
# {"id":"sourceFile","fileName":"BackStackState.java"}
    int[] mOps -> a
    java.util.ArrayList mFragmentWhos -> b
    int[] mOldMaxLifecycleStates -> c
    int[] mCurrentMaxLifecycleStates -> d
    int mTransition -> e
    java.lang.String mName -> f
    int mIndex -> g
    int mBreadCrumbTitleRes -> h
    java.lang.CharSequence mBreadCrumbTitleText -> i
    int mBreadCrumbShortTitleRes -> j
    java.lang.CharSequence mBreadCrumbShortTitleText -> k
    java.util.ArrayList mSharedElementSourceNames -> l
    java.util.ArrayList mSharedElementTargetNames -> m
    boolean mReorderingAllowed -> n
    1:1:void <init>(android.os.Parcel):0:0 -> <init>
    2:2:void <init>(androidx.fragment.app.BackStackRecord):0:0 -> <init>
      # {"id":"com.android.tools.r8.residualsignature","signature":"(Landroidx/fragment/app/a;)V"}
androidx.fragment.app.BackStackState$1 -> R8$$REMOVED$$CLASS$$213:
# {"id":"sourceFile","fileName":"BackStackState.java"}