app/build/outputs/mapping/release/usage.txt
com.naveen.browser.BookmarksActivity$$InternalSyntheticLambda$1$d3cf1ca100b0fbe99d1204a7cbd3eaf52c6017c64baf188488c086a10808327f$1
com.naveen.browser.HistoryActivity$$InternalSyntheticLambda$1$4cc4291eabad7c2c1698156429bddd578d2329962308ad02e4cfee9c34bc68b7$0
com.naveen.browser.HistoryActivity$$InternalSyntheticLambda$1$cc3f0d9ada1f4e3f17f7ab6bc9e473ce24e68eb8389c3b1abe7162c85fae93e8$1
com.naveen.browser.MainActivity$$InternalSyntheticLambda$1$157eb212e68cbec867137eec0ebac7e684527dd7aba8d2966e4e371582a578a2$0
com.naveen.browser.MainActivity$$InternalSyntheticLambda$1$157eb212e68cbec867137eec0ebac7e684527dd7aba8d2966e4e371582a578a2$1
com.naveen.browser.MainActivity$$InternalSyntheticLambda$1$920adce6a7f53bcd495a4b39f6f74f8d7448a162c7eb6f90c5dbc4efb2c63280$2
com.naveen.browser.MainActivity$$InternalSyntheticLambda$1$a85e5f1d450ce5d2264821a266ebcc7f03e4d8aab3db5323b091886c62a37657$1
com.naveen.browser.MainActivity$$InternalSyntheticLambda$1$a85e5f1d450ce5d2264821a266ebcc7f03e4d8aab3db5323b091886c62a37657$2
com.naveen.browser.MainActivity$$InternalSyntheticLambda$1$a85e5f1d450ce5d2264821a266ebcc7f03e4d8aab3db5323b091886c62a37657$3
com.naveen.browser.MainActivity$$InternalSyntheticLambda$1$a85e5f1d450ce5d2264821a266ebcc7f03e4d8aab3db5323b091886c62a37657$4
com.naveen.browser.MainActivity$$InternalSyntheticLambda$1$a85e5f1d450ce5d2264821a266ebcc7f03e4d8aab3db5323b091886c62a37657$5
com.naveen.browser.MainActivity$$InternalSyntheticLambda$1$a85e5f1d450ce5d2264821a266ebcc7f03e4d8aab3db5323b091886c62a37657$6
com.naveen.browser.MainActivity$$InternalSyntheticLambda$1$a85e5f1d450ce5d2264821a266ebcc7f03e4d8aab3db5323b091886c62a37657$7
com.naveen.browser.MainActivity$$InternalSyntheticLambda$1$a85e5f1d450ce5d2264821a266ebcc7f03e4d8aab3db5323b091886c62a37657$8
com.naveen.browser.MainActivity$$InternalSyntheticLambda$1$a85e5f1d450ce5d2264821a266ebcc7f03e4d8aab3db5323b091886c62a37657$9
com.naveen.browser.MainActivity$$InternalSyntheticLambda$1$ab4fc4ca3f5286329327b3e141e00884f22fd9769227fd16c7457c5364bea3ca$0
com.naveen.browser.MainActivity$$InternalSyntheticLambda$1$eaf6a89eccceda785a995e4f5b460f8c9491266a295aba1742a16f247aeca7d7$0
com.naveen.browser.MainActivity$$InternalSyntheticLambda$1$fa6680ddd9a890bdf2d337649e0a12c560a0be96c2558dfcb2580cb9e326e110$10
com.naveen.browser.MainActivity$$InternalSyntheticLambda$1$fa6680ddd9a890bdf2d337649e0a12c560a0be96c2558dfcb2580cb9e326e110$11:
    public final void onRefresh()
com.naveen.browser.MainActivity$$InternalSyntheticLambda$1$fa6680ddd9a890bdf2d337649e0a12c560a0be96c2558dfcb2580cb9e326e110$14
com.naveen.browser.MainActivity$$InternalSyntheticLambda$1$fa6680ddd9a890bdf2d337649e0a12c560a0be96c2558dfcb2580cb9e326e110$15
com.naveen.browser.MainActivity$$InternalSyntheticLambda$1$fa6680ddd9a890bdf2d337649e0a12c560a0be96c2558dfcb2580cb9e326e110$16
com.naveen.browser.MainActivity$$InternalSyntheticLambda$1$fa6680ddd9a890bdf2d337649e0a12c560a0be96c2558dfcb2580cb9e326e110$17
com.naveen.browser.MainActivity$$InternalSyntheticLambda$1$fa6680ddd9a890bdf2d337649e0a12c560a0be96c2558dfcb2580cb9e326e110$18
com.naveen.browser.MainActivity$$InternalSyntheticLambda$1$fa6680ddd9a890bdf2d337649e0a12c560a0be96c2558dfcb2580cb9e326e110$19
com.naveen.browser.MainActivity$$InternalSyntheticLambda$1$fa6680ddd9a890bdf2d337649e0a12c560a0be96c2558dfcb2580cb9e326e110$1
com.naveen.browser.MainActivity$$InternalSyntheticLambda$1$fa6680ddd9a890bdf2d337649e0a12c560a0be96c2558dfcb2580cb9e326e110$20
com.naveen.browser.MainActivity$$InternalSyntheticLambda$1$fa6680ddd9a890bdf2d337649e0a12c560a0be96c2558dfcb2580cb9e326e110$21
com.naveen.browser.MainActivity$$InternalSyntheticLambda$1$fa6680ddd9a890bdf2d337649e0a12c560a0be96c2558dfcb2580cb9e326e110$2
com.naveen.browser.MainActivity$$InternalSyntheticLambda$1$fa6680ddd9a890bdf2d337649e0a12c560a0be96c2558dfcb2580cb9e326e110$3
com.naveen.browser.MainActivity$$InternalSyntheticLambda$1$fa6680ddd9a890bdf2d337649e0a12c560a0be96c2558dfcb2580cb9e326e110$4
...
com.google.android.material.color.utilities.TonalPalette
com.google.android.material.color.utilities.ToneDeltaPair
com.google.android.material.color.utilities.TonePolarity
com.google.android.material.color.utilities.Variant
com.google.android.material.color.utilities.ViewingConditions
com.google.android.material.datepicker.CalendarConstraints$Builder:
    private static final java.lang.String DEEP_COPY_VALIDATOR_KEY
    public void <init>()
    public com.google.android.material.datepicker.CalendarConstraints$Builder setEnd(long)
    public com.google.android.material.datepicker.CalendarConstraints$Builder setFirstDayOfWeek(int)
    public com.google.android.material.datepicker.CalendarConstraints$Builder setStart(long)
    public com.google.android.material.datepicker.CalendarConstraints$Builder setValidator(com.google.android.material.datepicker.CalendarConstraints$DateValidator)
com.google.android.material.datepicker.CalendarConstraints:
    public long getEndMs()
    public java.lang.Long getOpenAtMs()
    public long getStartMs()
    boolean isWithinBounds(long)
    void setOpenAt(com.google.android.material.datepicker.Month)
com.google.android.material.datepicker.CalendarItemStyle:
    int getLeftInset()
    int getRightInset()
com.google.android.material.datepicker.CompositeDateValidator$1
com.google.android.material.datepicker.CompositeDateValidator$2
com.google.android.material.datepicker.CompositeDateValidator$3
com.google.android.material.datepicker.CompositeDateValidator$Operator
com.google.android.material.datepicker.CompositeDateValidator
com.google.android.material.datepicker.DateFormatTextWatcher
com.google.android.material.datepicker.DateSelector:
    public abstract int getDefaultTitleResId()
    public abstract java.lang.String getError()
    private static synthetic void lambda$showKeyboardWithAutoHideBehavior$0(android.widget.EditText[],android.view.View,boolean)
    private static synthetic void lambda$showKeyboardWithAutoHideBehavior$1(android.view.View)
    public abstract void setSelection(java.lang.Object)
    public abstract void setTextInputFormat(java.text.SimpleDateFormat)
    public static varargs void showKeyboardWithAutoHideBehavior(android.widget.EditText[])
com.google.android.material.datepicker.DateStrings:
    private void <init>()
    static androidx.core.util.Pair getDateRangeString(java.lang.Long,java.lang.Long)
    static androidx.core.util.Pair getDateRangeString(java.lang.Long,java.lang.Long,java.text.SimpleDateFormat)
    static java.lang.String getDateString(long)
    static java.lang.String getDateString(long,java.text.SimpleDateFormat)
    static java.lang.String getMonthDay(long)
    static java.lang.String getMonthDay(long,java.util.Locale)
    static java.lang.String getYearMonthDay(long)
    static java.lang.String getYearMonthDay(long,java.util.Locale)
com.google.android.material.datepicker.DateValidatorPointBackward$1
com.google.android.material.datepicker.DateValidatorPointBackward
com.google.android.material.datepicker.DateValidatorPointForward:
    public static com.google.android.material.datepicker.DateValidatorPointForward now()
com.google.android.material.datepicker.DayViewDecorator:
    public void <init>()
com.google.android.material.datepicker.DaysOfWeekAdapter:
    private static final int NARROW_FORMAT
com.google.android.material.datepicker.MaterialCalendar:
    private static final java.lang.String CALENDAR_CONSTRAINTS_KEY
    private static final java.lang.String CURRENT_MONTH_KEY
    private static final java.lang.String DAY_VIEW_DECORATOR_KEY
    private static final java.lang.String GRID_SELECTOR_KEY
    private static final int SMOOTH_SCROLL_MAX
    private static final java.lang.String THEME_RES_ID_KEY
    public static com.google.android.material.datepicker.MaterialCalendar newInstance(com.google.android.material.datepicker.DateSelector,int,com.google.android.material.datepicker.CalendarConstraints)